<?xml version="1.0" encoding="UTF-8"?>
<!-- Generated by org.testng.reporters.JUnitXMLReporter -->
<testsuite ignored="1" hostname="DESKTOP-IEPVL3O" failures="0" tests="4" name="Test" time="104.087" errors="0" timestamp="2024-11-30T21:04:56 IST">
  <testcase classname="com.kennect.qa.test.LoginTest" name="validLogin" time="4.941"/>
  <testcase classname="com.kennect.qa.test.HomePageTest" name="validateTestCostCalculator" time="8.195"/>
  <testcase classname="com.kennect.qa.test.PatientTest" name="validatePatientTest" time="17.711"/>
  <testcase classname="com.kennect.qa.test.TestsTest" name="validateTest" time="19.297"/>
  <testcase classname="com.kennect.qa.test.LoginTest" name="invalidLogin" time="0.0">
    <ignored/>
  </testcase> <!-- invalidLogin -->
</testsuite> <!-- Test -->
