<?xml version="1.0" encoding="UTF-8"?>
<testng-results ignored="1" total="5" passed="4" failed="0" skipped="0">
  <reporter-output>
    <line>
      <![CDATA[launching chromeBrowser]]>
    </line>
    <line>
      <![CDATA[launching chromeBrowser]]>
    </line>
    <line>
      <![CDATA[launching chromeBrowser]]>
    </line>
    <line>
      <![CDATA[launching chromeBrowser]]>
    </line>
  </reporter-output>
  <suite started-at="2024-11-30T21:03:12 IST" name="Suite" finished-at="2024-11-30T21:04:56 IST" duration-ms="104087">
    <groups>
    </groups>
    <test started-at="2024-11-30T21:03:12 IST" name="Test" finished-at="2024-11-30T21:04:56 IST" duration-ms="104087">
      <class name="com.kennect.qa.test.LoginTest">
        <test-method is-config="true" signature="openingBrowser()[pri:0, instance:com.kennect.qa.test.LoginTest@73e9cf30]" started-at="2024-11-30T21:03:12 IST" name="openingBrowser" finished-at="2024-11-30T21:03:26 IST" duration-ms="14648" status="PASS">
          <reporter-output>
            <line>
              <![CDATA[launching chromeBrowser]]>
            </line>
          </reporter-output>
        </test-method> <!-- openingBrowser -->
        <test-method signature="validLogin()[pri:1, instance:com.kennect.qa.test.LoginTest@73e9cf30]" started-at="2024-11-30T21:03:26 IST" name="validLogin" finished-at="2024-11-30T21:03:31 IST" duration-ms="4941" status="PASS">
          <reporter-output>
          </reporter-output>
        </test-method> <!-- validLogin -->
        <test-method is-config="true" signature="logout()[pri:0, instance:com.kennect.qa.test.LoginTest@73e9cf30]" started-at="2024-11-30T21:03:31 IST" name="logout" finished-at="2024-11-30T21:03:34 IST" duration-ms="2320" status="PASS">
          <reporter-output>
          </reporter-output>
        </test-method> <!-- logout -->
        <test-method is-config="true" signature="tearDown()[pri:0, instance:com.kennect.qa.test.LoginTest@73e9cf30]" started-at="2024-11-30T21:03:34 IST" name="tearDown" finished-at="2024-11-30T21:03:37 IST" duration-ms="3197" status="PASS">
          <reporter-output>
          </reporter-output>
        </test-method> <!-- tearDown -->
      </class> <!-- com.kennect.qa.test.LoginTest -->
      <class name="com.kennect.qa.test.TestsTest">
        <test-method is-config="true" signature="openingBrowser()[pri:0, instance:com.kennect.qa.test.TestsTest@60bd273d]" started-at="2024-11-30T21:04:25 IST" name="openingBrowser" finished-at="2024-11-30T21:04:36 IST" duration-ms="11604" status="PASS">
          <reporter-output>
            <line>
              <![CDATA[launching chromeBrowser]]>
            </line>
          </reporter-output>
        </test-method> <!-- openingBrowser -->
        <test-method signature="validateTest()[pri:1, instance:com.kennect.qa.test.TestsTest@60bd273d]" started-at="2024-11-30T21:04:36 IST" name="validateTest" finished-at="2024-11-30T21:04:56 IST" duration-ms="19297" status="PASS">
          <reporter-output>
          </reporter-output>
        </test-method> <!-- validateTest -->
      </class> <!-- com.kennect.qa.test.TestsTest -->
      <class name="com.kennect.qa.test.HomePageTest">
        <test-method is-config="true" signature="openingBrowser()[pri:0, instance:com.kennect.qa.test.HomePageTest@534a5a98]" started-at="2024-11-30T21:03:37 IST" name="openingBrowser" finished-at="2024-11-30T21:03:47 IST" duration-ms="10400" status="PASS">
          <reporter-output>
            <line>
              <![CDATA[launching chromeBrowser]]>
            </line>
          </reporter-output>
        </test-method> <!-- openingBrowser -->
        <test-method signature="validateTestCostCalculator()[pri:1, instance:com.kennect.qa.test.HomePageTest@534a5a98]" started-at="2024-11-30T21:03:47 IST" name="validateTestCostCalculator" finished-at="2024-11-30T21:03:55 IST" duration-ms="8195" status="PASS">
          <reporter-output>
          </reporter-output>
        </test-method> <!-- validateTestCostCalculator -->
      </class> <!-- com.kennect.qa.test.HomePageTest -->
      <class name="com.kennect.qa.test.PatientTest">
        <test-method is-config="true" signature="openingBrowser()[pri:0, instance:com.kennect.qa.test.PatientTest@4f80542f]" started-at="2024-11-30T21:03:55 IST" name="openingBrowser" finished-at="2024-11-30T21:04:07 IST" duration-ms="11607" status="PASS">
          <reporter-output>
            <line>
              <![CDATA[launching chromeBrowser]]>
            </line>
          </reporter-output>
        </test-method> <!-- openingBrowser -->
        <test-method signature="validatePatientTest()[pri:0, instance:com.kennect.qa.test.PatientTest@4f80542f]" started-at="2024-11-30T21:04:07 IST" name="validatePatientTest" finished-at="2024-11-30T21:04:25 IST" duration-ms="17711" status="PASS">
          <reporter-output>
          </reporter-output>
        </test-method> <!-- validatePatientTest -->
      </class> <!-- com.kennect.qa.test.PatientTest -->
    </test> <!-- Test -->
  </suite> <!-- Suite -->
</testng-results>
